[debug] [2021-01-07T21:43:34.177Z] ----------------------------------------------------------------------
[debug] [2021-01-07T21:43:34.182Z] Command:       C:\Program Files\nodejs\node.exe C:\Users\Marko\AppData\Roaming\npm\node_modules\firebase-tools\lib\bin\firebase.js deploy
[debug] [2021-01-07T21:43:34.183Z] CLI Version:   9.1.2
[debug] [2021-01-07T21:43:34.183Z] Platform:      win32
[debug] [2021-01-07T21:43:34.183Z] Node Version:  v12.18.2
[debug] [2021-01-07T21:43:34.197Z] Time:          Thu Jan 07 2021 22:43:34 GMT+0100 (GMT+01:00)
[debug] [2021-01-07T21:43:34.197Z] ----------------------------------------------------------------------
[debug] [2021-01-07T21:43:34.198Z] 
[debug] [2021-01-07T21:43:34.222Z] > command requires scopes: ["email","openid","https://www.googleapis.com/auth/cloudplatformprojects.readonly","https://www.googleapis.com/auth/firebase","https://www.googleapis.com/auth/cloud-platform"]
[debug] [2021-01-07T21:43:34.224Z] > authorizing via signed-in user
[debug] [2021-01-07T21:43:34.225Z] [iam] checking project fixmycode-94908 for permissions ["firebase.projects.get","firebasehosting.sites.update"]
[debug] [2021-01-07T21:43:34.238Z] >>> HTTP REQUEST POST https://cloudresourcemanager.googleapis.com/v1/projects/fixmycode-94908:testIamPermissions  
 {"permissions":["firebase.projects.get","firebasehosting.sites.update"]}
[debug] [2021-01-07T21:43:35.653Z] <<< HTTP RESPONSE 200 {"content-type":"application/json; charset=UTF-8","vary":"X-Origin, Referer, Origin,Accept-Encoding","date":"Thu, 07 Jan 2021 21:43:36 GMT","server":"ESF","cache-control":"private","x-xss-protection":"0","x-frame-options":"SAMEORIGIN","x-content-type-options":"nosniff","server-timing":"gfet4t7; dur=766","alt-svc":"h3-29=\":443\"; ma=2592000,h3-T051=\":443\"; ma=2592000,h3-Q050=\":443\"; ma=2592000,h3-Q046=\":443\"; ma=2592000,h3-Q043=\":443\"; ma=2592000,quic=\":443\"; ma=2592000; v=\"46,43\"","accept-ranges":"none","transfer-encoding":"chunked"}
[debug] [2021-01-07T21:43:35.660Z] >>> HTTP REQUEST GET https://firebase.googleapis.com/v1beta1/projects/fixmycode-94908  
 
[debug] [2021-01-07T21:43:37.278Z] <<< HTTP RESPONSE 200 {"content-type":"application/json; charset=UTF-8","vary":"X-Origin, Referer, Origin,Accept-Encoding","date":"Thu, 07 Jan 2021 21:43:38 GMT","server":"ESF","cache-control":"private","x-xss-protection":"0","x-frame-options":"SAMEORIGIN","x-content-type-options":"nosniff","alt-svc":"h3-29=\":443\"; ma=2592000,h3-T051=\":443\"; ma=2592000,h3-Q050=\":443\"; ma=2592000,h3-Q046=\":443\"; ma=2592000,h3-Q043=\":443\"; ma=2592000,quic=\":443\"; ma=2592000; v=\"46,43\"","accept-ranges":"none","transfer-encoding":"chunked"}
[info] 
[info] === Deploying to 'fixmycode-94908'...
[info] 
[info] i  deploying hosting 
[info] Running command: npm run build
[info] +  hosting: Finished running predeploy script. 
[debug] [2021-01-07T21:45:09.054Z] >>> HTTP REQUEST POST https://firebasehosting.googleapis.com/v1beta1/sites/fixmycode-94908/versions  
 {"config":{"rewrites":[{"glob":"**","path":"/index.html"}]},"labels":{"deployment-tool":"cli-firebase"}}
[debug] [2021-01-07T21:45:09.070Z] Error: getaddrinfo ENOTFOUND firebasehosting.googleapis.com
    at GetAddrInfoReqWrap.onlookup [as oncomplete] (dns.js:66:26)
[error] 
[error] Error: Server Error. getaddrinfo ENOTFOUND firebasehosting.googleapis.com
